Command line:
   schemOne_schemOne_sch_tb_isim_par.exe
     -simmode  gui
     -sdfmax  /UUT/=netgen/par/schemOne_timesim.sdf
     -sdfroot  /UUT
     -simrunnum  0
     -socket  62749

Thu Apr 29 10:21:00 2021


 Elaboration Time: 0.390625 sec

 Current Memory Usage: 4719.61 Meg

 Total Signals          : 6487
 Total Nets             : 4138
 Total Signal Drivers   : 3992
 Total Blocks           : 1754
 Total Primitive Blocks : 981
 Total Processes        : 3992
 Total Traceable Variables  : 9248
 Total Scalar Nets and Variables : 51880
Total Line Count : 12129

 Total Simulation Time: 27.0313 sec

 Current Memory Usage: 4719.61 Meg

Thu Apr 29 10:48:26 2021

