Command line:
   SawSignal_isim_beh.exe
     -simmode  gui
     -simrunnum  0
     -socket  55426

Wed May 12 20:33:27 2021


 Elaboration Time: 0.03125 sec

 Current Memory Usage: 5151.5 Meg

 Total Signals          : 37
 Total Nets             : 86
 Total Signal Drivers   : 8
 Total Blocks           : 4
 Total Primitive Blocks : 4
 Total Processes        : 5
 Total Traceable Variables  : 13
 Total Scalar Nets and Variables : 569
Total Line Count : 17

 Total Simulation Time: 0.03125 sec

 Current Memory Usage: 5151.5 Meg

Wed May 12 20:33:50 2021

